c:\users\홍명진\documents\visual studio 2015\projects\teamproject\teamproject\debug\teamproject.pch
c:\users\홍명진\documents\visual studio 2015\projects\teamproject\teamproject\debug\vc140.pdb
c:\users\홍명진\documents\visual studio 2015\projects\teamproject\teamproject\debug\vc140.idb
c:\users\홍명진\documents\visual studio 2015\projects\teamproject\teamproject\debug\stdafx.obj
c:\users\홍명진\documents\visual studio 2015\projects\teamproject\teamproject\debug\bmpmgr.obj
c:\users\홍명진\documents\visual studio 2015\projects\teamproject\teamproject\debug\bullet.obj
c:\users\홍명진\documents\visual studio 2015\projects\teamproject\teamproject\debug\collisionmgr.obj
c:\users\홍명진\documents\visual studio 2015\projects\teamproject\teamproject\debug\keymgr.obj
c:\users\홍명진\documents\visual studio 2015\projects\teamproject\teamproject\debug\maingame.obj
c:\users\홍명진\documents\visual studio 2015\projects\teamproject\teamproject\debug\monster.obj
c:\users\홍명진\documents\visual studio 2015\projects\teamproject\teamproject\debug\monster_bullet.obj
c:\users\홍명진\documents\visual studio 2015\projects\teamproject\teamproject\debug\mybitmap.obj
c:\users\홍명진\documents\visual studio 2015\projects\teamproject\teamproject\debug\obj.obj
c:\users\홍명진\documents\visual studio 2015\projects\teamproject\teamproject\debug\objmgr.obj
c:\users\홍명진\documents\visual studio 2015\projects\teamproject\teamproject\debug\player.obj
c:\users\홍명진\documents\visual studio 2015\projects\teamproject\teamproject\debug\player_bullet.obj
c:\users\홍명진\documents\visual studio 2015\projects\teamproject\teamproject\debug\scene.obj
c:\users\홍명진\documents\visual studio 2015\projects\teamproject\teamproject\debug\scenemgr.obj
c:\users\홍명진\documents\visual studio 2015\projects\teamproject\teamproject\debug\scrollmgr.obj
c:\users\홍명진\documents\visual studio 2015\projects\teamproject\teamproject\debug\stage.obj
c:\users\홍명진\documents\visual studio 2015\projects\teamproject\teamproject\debug\teamproject.obj
c:\users\홍명진\documents\visual studio 2015\projects\teamproject\teamproject\debug\teamproject.res
c:\users\홍명진\documents\visual studio 2015\projects\teamproject\debug\teamproject.pdb
c:\users\홍명진\documents\visual studio 2015\projects\teamproject\teamproject\debug\teamproject.tlog\cl.command.1.tlog
c:\users\홍명진\documents\visual studio 2015\projects\teamproject\teamproject\debug\teamproject.tlog\cl.read.1.tlog
c:\users\홍명진\documents\visual studio 2015\projects\teamproject\teamproject\debug\teamproject.tlog\cl.write.1.tlog
c:\users\홍명진\documents\visual studio 2015\projects\teamproject\teamproject\debug\teamproject.tlog\link-cvtres.read.1.tlog
c:\users\홍명진\documents\visual studio 2015\projects\teamproject\teamproject\debug\teamproject.tlog\link-cvtres.write.1.tlog
c:\users\홍명진\documents\visual studio 2015\projects\teamproject\teamproject\debug\teamproject.tlog\link-rc.read.1.tlog
c:\users\홍명진\documents\visual studio 2015\projects\teamproject\teamproject\debug\teamproject.tlog\link-rc.write.1.tlog
c:\users\홍명진\documents\visual studio 2015\projects\teamproject\teamproject\debug\teamproject.tlog\link.command.1.tlog
c:\users\홍명진\documents\visual studio 2015\projects\teamproject\teamproject\debug\teamproject.tlog\link.read.1.tlog
c:\users\홍명진\documents\visual studio 2015\projects\teamproject\teamproject\debug\teamproject.tlog\link.write.1.tlog
c:\users\홍명진\documents\visual studio 2015\projects\teamproject\teamproject\debug\teamproject.tlog\rc.command.1.tlog
c:\users\홍명진\documents\visual studio 2015\projects\teamproject\teamproject\debug\teamproject.tlog\rc.read.1.tlog
c:\users\홍명진\documents\visual studio 2015\projects\teamproject\teamproject\debug\teamproject.tlog\rc.write.1.tlog
